{
  "RSpec": {
    "coverage": {
      "/Users/phuongdang1/Documents/personal/ruby/final_project_rails/app/mailers/application_mailer.rb": [
        0,
        0,
        0,
        0
      ],
      "/Users/phuongdang1/Documents/personal/ruby/final_project_rails/app/models/photo.rb": [
        0,
        0,
        0,
        0,
        null,
        0,
        0,
        0
      ],
      "/Users/phuongdang1/Documents/personal/ruby/final_project_rails/app/models/comment.rb": [
        0,
        0,
        0,
        null,
        0,
        0,
        0
      ],
      "/Users/phuongdang1/Documents/personal/ruby/final_project_rails/app/models/relationship.rb": [
        0,
        0,
        0,
        0,
        0,
        0
      ],
      "/Users/phuongdang1/Documents/personal/ruby/final_project_rails/app/models/application_record.rb": [
        0,
        0,
        0
      ],
      "/Users/phuongdang1/Documents/personal/ruby/final_project_rails/app/models/user.rb": [
        0,
        null,
        null,
        0,
        0,
        null,
        0,
        0,
        0,
        0,
        0,
        0,
        0,
        null,
        0,
        0,
        0,
        null,
        0,
        0,
        0,
        null,
        0,
        0,
        0,
        null,
        0,
        0,
        0,
        null,
        0,
        0,
        0,
        0
      ],
      "/Users/phuongdang1/Documents/personal/ruby/final_project_rails/app/jobs/application_job.rb": [
        0,
        0
      ],
      "/Users/phuongdang1/Documents/personal/ruby/final_project_rails/app/controllers/application_controller.rb": [
        0,
        0,
        null,
        0,
        null,
        0,
        0,
        0,
        0,
        0,
        0
      ],
      "/Users/phuongdang1/Documents/personal/ruby/final_project_rails/app/controllers/comments_controller.rb": [
        0,
        0,
        null,
        0,
        0,
        0,
        null,
        0,
        0,
        0,
        null,
        0,
        0,
        0,
        0,
        null,
        0,
        0,
        0,
        0,
        0,
        0,
        0,
        0,
        null,
        0,
        0,
        0,
        null,
        0,
        null,
        0,
        0,
        0,
        0
      ],
      "/Users/phuongdang1/Documents/personal/ruby/final_project_rails/app/controllers/photos_controller.rb": [
        0,
        0,
        null,
        0,
        0,
        0,
        null,
        0,
        0,
        0,
        0,
        null,
        0,
        0,
        0,
        null,
        0,
        0,
        0,
        null,
        0,
        0,
        0,
        0,
        0,
        0,
        0,
        0,
        null,
        0,
        0,
        0,
        0,
        0,
        0,
        null,
        0,
        0,
        0,
        0,
        0
      ],
      "/Users/phuongdang1/Documents/personal/ruby/final_project_rails/app/controllers/users_controller.rb": [
        0,
        0,
        null,
        0,
        0,
        0,
        null,
        0,
        0,
        0,
        0,
        null,
        0,
        0,
        0,
        0,
        0,
        null,
        0,
        0,
        0,
        0,
        0,
        0
      ],
      "/Users/phuongdang1/Documents/personal/ruby/final_project_rails/app/controllers/home_controller.rb": [
        0,
        0,
        null,
        0,
        0,
        0,
        0,
        0
      ],
      "/Users/phuongdang1/Documents/personal/ruby/final_project_rails/app/controllers/profile_controller.rb": [
        0,
        0,
        null,
        0,
        0,
        0,
        0,
        null,
        0,
        0,
        0,
        0,
        0
      ],
      "/Users/phuongdang1/Documents/personal/ruby/final_project_rails/app/controllers/relationships_controller.rb": [
        0,
        0,
        null,
        0,
        0,
        0,
        0,
        0,
        0,
        0,
        0,
        0,
        0,
        null,
        0,
        0,
        0,
        0,
        0,
        0,
        0
      ],
      "/Users/phuongdang1/Documents/personal/ruby/final_project_rails/app/helpers/photos_helper.rb": [
        0,
        0
      ],
      "/Users/phuongdang1/Documents/personal/ruby/final_project_rails/app/helpers/comments_helper.rb": [
        0,
        0
      ],
      "/Users/phuongdang1/Documents/personal/ruby/final_project_rails/app/helpers/profile_helper.rb": [
        0,
        0
      ],
      "/Users/phuongdang1/Documents/personal/ruby/final_project_rails/app/helpers/users_helper.rb": [
        0,
        0
      ],
      "/Users/phuongdang1/Documents/personal/ruby/final_project_rails/app/helpers/relationships_helper.rb": [
        0,
        0
      ],
      "/Users/phuongdang1/Documents/personal/ruby/final_project_rails/app/helpers/home_helper.rb": [
        0,
        0
      ],
      "/Users/phuongdang1/Documents/personal/ruby/final_project_rails/app/helpers/application_helper.rb": [
        0,
        0
      ],
      "/Users/phuongdang1/Documents/personal/ruby/final_project_rails/app/channels/application_cable/connection.rb": [
        0,
        0,
        0,
        0
      ],
      "/Users/phuongdang1/Documents/personal/ruby/final_project_rails/app/channels/application_cable/channel.rb": [
        0,
        0,
        0,
        0
      ]
    },
    "timestamp": 1539522124
  }
}
